<?xml version="1.0" encoding="UTF-8"?>
<!-- Generated by org.testng.reporters.JUnitReportReporter -->
<testsuite hostname="DESKTOP-1RLTEAV" failures="0" tests="5" name="testRunner.AppTest" time="68.895" errors="1" timestamp="2026-03-07T12:46:16 IST" skipped="0">
  <testcase classname="testRunner.AppTest" name="runScenario" time="15.747">
    <system-out>
      <![CDATA[Customer-00000003687    Customer-00000003687]]>
    </system-out>
  </testcase> <!-- runScenario -->
  <testcase classname="testRunner.AppTest" name="runScenario" time="15.223">
    <system-out>
      <![CDATA[Customer-00000003688    Customer-00000003688]]>
    </system-out>
  </testcase> <!-- runScenario -->
  <testcase classname="testRunner.AppTest" name="runScenario" time="16.095">
    <system-out>
      <![CDATA[Customer-00000003689    Customer-00000003689]]>
    </system-out>
  </testcase> <!-- runScenario -->
  <testcase classname="testRunner.AppTest" name="runScenario" time="15.615">
    <system-out>
      <![CDATA[Customer-00000003690    Customer-00000003690]]>
    </system-out>
  </testcase> <!-- runScenario -->
  <testcase classname="testRunner.AppTest" name="runScenario" time="6.215">
    <error message="element not interactable
  (Session info: chrome=146.0.7680.66)
Build info: version: &#039;4.25.0&#039;, revision: &#039;8a8aea2337&#039;
System info: os.name: &#039;Windows 10&#039;, os.arch: &#039;amd64&#039;, os.version: &#039;10.0&#039;, java.version: &#039;21.0.10&#039;
Driver info: org.openqa.selenium.chrome.ChromeDriver
Command: [70996d5424018f490a5780339ef9250e, clearElement {id=f.32E0FB566D7F335CE91A1FA20021AB1E.d.34EF84D6D230535A72AE48EE355F0762.e.231}]
Capabilities {acceptInsecureCerts: false, browserName: chrome, browserVersion: 146.0.7680.66, chrome: {chromedriverVersion: 146.0.7680.66 (8074df26380b..., userDataDir: C:\Users\Qedge\AppData\Loca...}, fedcm:accounts: true, goog:chromeOptions: {debuggerAddress: localhost:57678}, goog:processID: 14296, networkConnectionEnabled: false, pageLoadStrategy: normal, platformName: windows, proxy: Proxy(), se:cdp: ws://localhost:57678/devtoo..., se:cdpVersion: 146.0.7680.66, setWindowRect: true, strictFileInteractability: false, timeouts: {implicit: 0, pageLoad: 300000, script: 30000}, unhandledPromptBehavior: dismiss and notify, webauthn:extension:credBlob: true, webauthn:extension:largeBlob: true, webauthn:extension:minPinLength: true, webauthn:extension:prf: true, webauthn:virtualAuthenticators: true}
Element: [[ChromeDriver: chrome on windows (70996d5424018f490a5780339ef9250e)] -&gt; xpath: //input[@id=&#039;psearch&#039;]]
Session ID: 70996d5424018f490a5780339ef9250e" type="org.openqa.selenium.ElementNotInteractableException">
      <![CDATA[org.openqa.selenium.ElementNotInteractableException: element not interactable
  (Session info: chrome=146.0.7680.66)
Build info: version: '4.25.0', revision: '8a8aea2337'
System info: os.name: 'Windows 10', os.arch: 'amd64', os.version: '10.0', java.version: '21.0.10'
Driver info: org.openqa.selenium.chrome.ChromeDriver
Command: [70996d5424018f490a5780339ef9250e, clearElement {id=f.32E0FB566D7F335CE91A1FA20021AB1E.d.34EF84D6D230535A72AE48EE355F0762.e.231}]
Capabilities {acceptInsecureCerts: false, browserName: chrome, browserVersion: 146.0.7680.66, chrome: {chromedriverVersion: 146.0.7680.66 (8074df26380b..., userDataDir: C:\Users\Qedge\AppData\Loca...}, fedcm:accounts: true, goog:chromeOptions: {debuggerAddress: localhost:57678}, goog:processID: 14296, networkConnectionEnabled: false, pageLoadStrategy: normal, platformName: windows, proxy: Proxy(), se:cdp: ws://localhost:57678/devtoo..., se:cdpVersion: 146.0.7680.66, setWindowRect: true, strictFileInteractability: false, timeouts: {implicit: 0, pageLoad: 300000, script: 30000}, unhandledPromptBehavior: dismiss and notify, webauthn:extension:credBlob: true, webauthn:extension:largeBlob: true, webauthn:extension:minPinLength: true, webauthn:extension:prf: true, webauthn:virtualAuthenticators: true}
Element: [[ChromeDriver: chrome on windows (70996d5424018f490a5780339ef9250e)] -> xpath: //input[@id='psearch']]
Session ID: 70996d5424018f490a5780339ef9250e
at java.base/jdk.internal.reflect.DirectConstructorHandleAccessor.newInstance(DirectConstructorHandleAccessor.java:62)
at java.base/java.lang.reflect.Constructor.newInstanceWithCaller(Constructor.java:502)
at java.base/java.lang.reflect.Constructor.newInstance(Constructor.java:486)
at org.openqa.selenium.remote.ErrorCodec.decode(ErrorCodec.java:167)
at org.openqa.selenium.remote.codec.w3c.W3CHttpResponseCodec.decode(W3CHttpResponseCodec.java:138)
at org.openqa.selenium.remote.codec.w3c.W3CHttpResponseCodec.decode(W3CHttpResponseCodec.java:50)
at org.openqa.selenium.remote.HttpCommandExecutor.execute(HttpCommandExecutor.java:190)
at org.openqa.selenium.remote.service.DriverCommandExecutor.invokeExecute(DriverCommandExecutor.java:216)
at org.openqa.selenium.remote.service.DriverCommandExecutor.execute(DriverCommandExecutor.java:174)
at org.openqa.selenium.remote.RemoteWebDriver.execute(RemoteWebDriver.java:545)
at org.openqa.selenium.remote.RemoteWebElement.execute(RemoteWebElement.java:223)
at org.openqa.selenium.remote.RemoteWebElement.clear(RemoteWebElement.java:129)
at commonFunctions.FunctionLibrary.customerTable(FunctionLibrary.java:150)
at stepDefination.ERPStepDefinations.verify_customer_number(ERPStepDefinations.java:116)
at ✽.Verify customer number(file:///D:/Live_ProjectMrng1/ERP_Cucumber/FeatureFiles/ERP.feature:73)
]]>
    </error>
  </testcase> <!-- runScenario -->
  <system-out>
    <![CDATA[Customer-00000003687    Customer-00000003687
Customer-00000003688    Customer-00000003688
Customer-00000003689    Customer-00000003689
Customer-00000003690    Customer-00000003690]]>
  </system-out>
</testsuite> <!-- testRunner.AppTest -->
