<?xml version="1.0" encoding="UTF-8"?>
<!-- Generated by org.testng.reporters.JUnitReportReporter -->
<testsuite hostname="DESKTOP-1RLTEAV" failures="0" tests="5" name="testRunner.AppTest" time="0.203" errors="5" timestamp="2026-03-06T11:39:33 IST" skipped="0">
  <testcase classname="testRunner.AppTest" name="runScenario" time="0.014">
    <error message="The step &#039;Launch Browser&#039; and 29 other step(s) are undefined.
You can implement these steps using the snippet(s) below:

@Given(&quot;Launch Browser&quot;)
public void launch_browser() {
    // Write code here that turns the phrase above into concrete actions
    throw new io.cucumber.java.PendingException();
}
@Given(&quot;launch url in a browser&quot;)
public void launch_url_in_a_browser() {
    // Write code here that turns the phrase above into concrete actions
    throw new io.cucumber.java.PendingException();
}
@When(&quot;Wait for username with {string} and {string}&quot;)
public void wait_for_username_with_and(String string, String string2) {
    // Write code here that turns the phrase above into concrete actions
    throw new io.cucumber.java.PendingException();
}
@When(&quot;Enter username with {string} and {string} and {string}&quot;)
public void enter_username_with_and_and(String string, String string2, String string3) {
    // Write code here that turns the phrase above into concrete actions
    throw new io.cucumber.java.PendingException();
}
@When(&quot;Enter password with {string} and {string} and {string}&quot;)
public void enter_password_with_and_and(String string, String string2, String string3) {
    // Write code here that turns the phrase above into concrete actions
    throw new io.cucumber.java.PendingException();
}
@When(&quot;click login with {string} and {string}&quot;)
public void click_login_with_and(String string, String string2) {
    // Write code here that turns the phrase above into concrete actions
    throw new io.cucumber.java.PendingException();
}
@When(&quot;Wait for logout link with {string} and {string}&quot;)
public void wait_for_logout_link_with_and(String string, String string2) {
    // Write code here that turns the phrase above into concrete actions
    throw new io.cucumber.java.PendingException();
}
@When(&quot;Verify page title with {string}&quot;)
public void verify_page_title_with(String string) {
    // Write code here that turns the phrase above into concrete actions
    throw new io.cucumber.java.PendingException();
}
@When(&quot;Wait for suppliiers link with {string} and {string}&quot;)
public void wait_for_suppliiers_link_with_and(String string, String string2) {
    // Write code here that turns the phrase above into concrete actions
    throw new io.cucumber.java.PendingException();
}
@When(&quot;Click Suppliers link with {string} and {string}&quot;)
public void click_suppliers_link_with_and(String string, String string2) {
    // Write code here that turns the phrase above into concrete actions
    throw new io.cucumber.java.PendingException();
}
@When(&quot;Wait for Add {double} Icon with {string} and {string}&quot;)
public void wait_for_add_icon_with_and(Double double1, String string, String string2) {
    // Write code here that turns the phrase above into concrete actions
    throw new io.cucumber.java.PendingException();
}
@When(&quot;Click Add {double} icon with {string} and {string}&quot;)
public void click_add_icon_with_and(Double double1, String string, String string2) {
    // Write code here that turns the phrase above into concrete actions
    throw new io.cucumber.java.PendingException();
}
@When(&quot;Wait for Supplier Number with {string} and {string}&quot;)
public void wait_for_supplier_number_with_and(String string, String string2) {
    // Write code here that turns the phrase above into concrete actions
    throw new io.cucumber.java.PendingException();
}
@When(&quot;Captrure Supplier number with {string} and {string}&quot;)
public void captrure_supplier_number_with_and(String string, String string2) {
    // Write code here that turns the phrase above into concrete actions
    throw new io.cucumber.java.PendingException();
}
@When(&quot;Enter in {string} with {string} and {string}&quot;)
public void enter_in_with_and(String string, String string2, String string3) {
    // Write code here that turns the phrase above into concrete actions
    throw new io.cucumber.java.PendingException();
}
@When(&quot;Click Add button with {string} and {string}&quot;)
public void click_add_button_with_and(String string, String string2) {
    // Write code here that turns the phrase above into concrete actions
    throw new io.cucumber.java.PendingException();
}
@When(&quot;Wait for confirm ok with {string} and {string}&quot;)
public void wait_for_confirm_ok_with_and(String string, String string2) {
    // Write code here that turns the phrase above into concrete actions
    throw new io.cucumber.java.PendingException();
}
@When(&quot;click confirm ok button with {string} and {string}&quot;)
public void click_confirm_ok_button_with_and(String string, String string2) {
    // Write code here that turns the phrase above into concrete actions
    throw new io.cucumber.java.PendingException();
}
@When(&quot;Wait for alert ok with {string} and {string}&quot;)
public void wait_for_alert_ok_with_and(String string, String string2) {
    // Write code here that turns the phrase above into concrete actions
    throw new io.cucumber.java.PendingException();
}
@When(&quot;ClickAlert ok with {string} and {string}&quot;)
public void click_alert_ok_with_and(String string, String string2) {
    // Write code here that turns the phrase above into concrete actions
    throw new io.cucumber.java.PendingException();
}
@Then(&quot;Verify supplier number&quot;)
public void verify_supplier_number() {
    // Write code here that turns the phrase above into concrete actions
    throw new io.cucumber.java.PendingException();
}
@When(&quot;Close app browser&quot;)
public void close_app_browser() {
    // Write code here that turns the phrase above into concrete actions
    throw new io.cucumber.java.PendingException();
}
" type="io.cucumber.testng.UndefinedStepException">
      <![CDATA[io.cucumber.testng.UndefinedStepException: The step 'Launch Browser' and 29 other step(s) are undefined.
You can implement these steps using the snippet(s) below:

@Given("Launch Browser")
public void launch_browser() {
    // Write code here that turns the phrase above into concrete actions
    throw new io.cucumber.java.PendingException();
}
@Given("launch url in a browser")
public void launch_url_in_a_browser() {
    // Write code here that turns the phrase above into concrete actions
    throw new io.cucumber.java.PendingException();
}
@When("Wait for username with {string} and {string}")
public void wait_for_username_with_and(String string, String string2) {
    // Write code here that turns the phrase above into concrete actions
    throw new io.cucumber.java.PendingException();
}
@When("Enter username with {string} and {string} and {string}")
public void enter_username_with_and_and(String string, String string2, String string3) {
    // Write code here that turns the phrase above into concrete actions
    throw new io.cucumber.java.PendingException();
}
@When("Enter password with {string} and {string} and {string}")
public void enter_password_with_and_and(String string, String string2, String string3) {
    // Write code here that turns the phrase above into concrete actions
    throw new io.cucumber.java.PendingException();
}
@When("click login with {string} and {string}")
public void click_login_with_and(String string, String string2) {
    // Write code here that turns the phrase above into concrete actions
    throw new io.cucumber.java.PendingException();
}
@When("Wait for logout link with {string} and {string}")
public void wait_for_logout_link_with_and(String string, String string2) {
    // Write code here that turns the phrase above into concrete actions
    throw new io.cucumber.java.PendingException();
}
@When("Verify page title with {string}")
public void verify_page_title_with(String string) {
    // Write code here that turns the phrase above into concrete actions
    throw new io.cucumber.java.PendingException();
}
@When("Wait for suppliiers link with {string} and {string}")
public void wait_for_suppliiers_link_with_and(String string, String string2) {
    // Write code here that turns the phrase above into concrete actions
    throw new io.cucumber.java.PendingException();
}
@When("Click Suppliers link with {string} and {string}")
public void click_suppliers_link_with_and(String string, String string2) {
    // Write code here that turns the phrase above into concrete actions
    throw new io.cucumber.java.PendingException();
}
@When("Wait for Add {double} Icon with {string} and {string}")
public void wait_for_add_icon_with_and(Double double1, String string, String string2) {
    // Write code here that turns the phrase above into concrete actions
    throw new io.cucumber.java.PendingException();
}
@When("Click Add {double} icon with {string} and {string}")
public void click_add_icon_with_and(Double double1, String string, String string2) {
    // Write code here that turns the phrase above into concrete actions
    throw new io.cucumber.java.PendingException();
}
@When("Wait for Supplier Number with {string} and {string}")
public void wait_for_supplier_number_with_and(String string, String string2) {
    // Write code here that turns the phrase above into concrete actions
    throw new io.cucumber.java.PendingException();
}
@When("Captrure Supplier number with {string} and {string}")
public void captrure_supplier_number_with_and(String string, String string2) {
    // Write code here that turns the phrase above into concrete actions
    throw new io.cucumber.java.PendingException();
}
@When("Enter in {string} with {string} and {string}")
public void enter_in_with_and(String string, String string2, String string3) {
    // Write code here that turns the phrase above into concrete actions
    throw new io.cucumber.java.PendingException();
}
@When("Click Add button with {string} and {string}")
public void click_add_button_with_and(String string, String string2) {
    // Write code here that turns the phrase above into concrete actions
    throw new io.cucumber.java.PendingException();
}
@When("Wait for confirm ok with {string} and {string}")
public void wait_for_confirm_ok_with_and(String string, String string2) {
    // Write code here that turns the phrase above into concrete actions
    throw new io.cucumber.java.PendingException();
}
@When("click confirm ok button with {string} and {string}")
public void click_confirm_ok_button_with_and(String string, String string2) {
    // Write code here that turns the phrase above into concrete actions
    throw new io.cucumber.java.PendingException();
}
@When("Wait for alert ok with {string} and {string}")
public void wait_for_alert_ok_with_and(String string, String string2) {
    // Write code here that turns the phrase above into concrete actions
    throw new io.cucumber.java.PendingException();
}
@When("ClickAlert ok with {string} and {string}")
public void click_alert_ok_with_and(String string, String string2) {
    // Write code here that turns the phrase above into concrete actions
    throw new io.cucumber.java.PendingException();
}
@Then("Verify supplier number")
public void verify_supplier_number() {
    // Write code here that turns the phrase above into concrete actions
    throw new io.cucumber.java.PendingException();
}
@When("Close app browser")
public void close_app_browser() {
    // Write code here that turns the phrase above into concrete actions
    throw new io.cucumber.java.PendingException();
}

at ✽.Launch Browser(file:///D:/Live_ProjectMrng1/ERP_Cucumber/FeatureFiles/ERP.feature:6)
]]>
    </error>
  </testcase> <!-- runScenario -->
  <testcase classname="testRunner.AppTest" name="runScenario" time="0.021">
    <error message="The step &#039;Launch Browser&#039; and 29 other step(s) are undefined.
You can implement these steps using the snippet(s) below:

@Given(&quot;Launch Browser&quot;)
public void launch_browser() {
    // Write code here that turns the phrase above into concrete actions
    throw new io.cucumber.java.PendingException();
}
@Given(&quot;launch url in a browser&quot;)
public void launch_url_in_a_browser() {
    // Write code here that turns the phrase above into concrete actions
    throw new io.cucumber.java.PendingException();
}
@When(&quot;Wait for username with {string} and {string}&quot;)
public void wait_for_username_with_and(String string, String string2) {
    // Write code here that turns the phrase above into concrete actions
    throw new io.cucumber.java.PendingException();
}
@When(&quot;Enter username with {string} and {string} and {string}&quot;)
public void enter_username_with_and_and(String string, String string2, String string3) {
    // Write code here that turns the phrase above into concrete actions
    throw new io.cucumber.java.PendingException();
}
@When(&quot;Enter password with {string} and {string} and {string}&quot;)
public void enter_password_with_and_and(String string, String string2, String string3) {
    // Write code here that turns the phrase above into concrete actions
    throw new io.cucumber.java.PendingException();
}
@When(&quot;click login with {string} and {string}&quot;)
public void click_login_with_and(String string, String string2) {
    // Write code here that turns the phrase above into concrete actions
    throw new io.cucumber.java.PendingException();
}
@When(&quot;Wait for logout link with {string} and {string}&quot;)
public void wait_for_logout_link_with_and(String string, String string2) {
    // Write code here that turns the phrase above into concrete actions
    throw new io.cucumber.java.PendingException();
}
@When(&quot;Verify page title with {string}&quot;)
public void verify_page_title_with(String string) {
    // Write code here that turns the phrase above into concrete actions
    throw new io.cucumber.java.PendingException();
}
@When(&quot;Wait for suppliiers link with {string} and {string}&quot;)
public void wait_for_suppliiers_link_with_and(String string, String string2) {
    // Write code here that turns the phrase above into concrete actions
    throw new io.cucumber.java.PendingException();
}
@When(&quot;Click Suppliers link with {string} and {string}&quot;)
public void click_suppliers_link_with_and(String string, String string2) {
    // Write code here that turns the phrase above into concrete actions
    throw new io.cucumber.java.PendingException();
}
@When(&quot;Wait for Add {double} Icon with {string} and {string}&quot;)
public void wait_for_add_icon_with_and(Double double1, String string, String string2) {
    // Write code here that turns the phrase above into concrete actions
    throw new io.cucumber.java.PendingException();
}
@When(&quot;Click Add {double} icon with {string} and {string}&quot;)
public void click_add_icon_with_and(Double double1, String string, String string2) {
    // Write code here that turns the phrase above into concrete actions
    throw new io.cucumber.java.PendingException();
}
@When(&quot;Wait for Supplier Number with {string} and {string}&quot;)
public void wait_for_supplier_number_with_and(String string, String string2) {
    // Write code here that turns the phrase above into concrete actions
    throw new io.cucumber.java.PendingException();
}
@When(&quot;Captrure Supplier number with {string} and {string}&quot;)
public void captrure_supplier_number_with_and(String string, String string2) {
    // Write code here that turns the phrase above into concrete actions
    throw new io.cucumber.java.PendingException();
}
@When(&quot;Enter in {string} with {string} and {string}&quot;)
public void enter_in_with_and(String string, String string2, String string3) {
    // Write code here that turns the phrase above into concrete actions
    throw new io.cucumber.java.PendingException();
}
@When(&quot;Click Add button with {string} and {string}&quot;)
public void click_add_button_with_and(String string, String string2) {
    // Write code here that turns the phrase above into concrete actions
    throw new io.cucumber.java.PendingException();
}
@When(&quot;Wait for confirm ok with {string} and {string}&quot;)
public void wait_for_confirm_ok_with_and(String string, String string2) {
    // Write code here that turns the phrase above into concrete actions
    throw new io.cucumber.java.PendingException();
}
@When(&quot;click confirm ok button with {string} and {string}&quot;)
public void click_confirm_ok_button_with_and(String string, String string2) {
    // Write code here that turns the phrase above into concrete actions
    throw new io.cucumber.java.PendingException();
}
@When(&quot;Wait for alert ok with {string} and {string}&quot;)
public void wait_for_alert_ok_with_and(String string, String string2) {
    // Write code here that turns the phrase above into concrete actions
    throw new io.cucumber.java.PendingException();
}
@When(&quot;ClickAlert ok with {string} and {string}&quot;)
public void click_alert_ok_with_and(String string, String string2) {
    // Write code here that turns the phrase above into concrete actions
    throw new io.cucumber.java.PendingException();
}
@Then(&quot;Verify supplier number&quot;)
public void verify_supplier_number() {
    // Write code here that turns the phrase above into concrete actions
    throw new io.cucumber.java.PendingException();
}
@When(&quot;Close app browser&quot;)
public void close_app_browser() {
    // Write code here that turns the phrase above into concrete actions
    throw new io.cucumber.java.PendingException();
}
" type="io.cucumber.testng.UndefinedStepException">
      <![CDATA[io.cucumber.testng.UndefinedStepException: The step 'Launch Browser' and 29 other step(s) are undefined.
You can implement these steps using the snippet(s) below:

@Given("Launch Browser")
public void launch_browser() {
    // Write code here that turns the phrase above into concrete actions
    throw new io.cucumber.java.PendingException();
}
@Given("launch url in a browser")
public void launch_url_in_a_browser() {
    // Write code here that turns the phrase above into concrete actions
    throw new io.cucumber.java.PendingException();
}
@When("Wait for username with {string} and {string}")
public void wait_for_username_with_and(String string, String string2) {
    // Write code here that turns the phrase above into concrete actions
    throw new io.cucumber.java.PendingException();
}
@When("Enter username with {string} and {string} and {string}")
public void enter_username_with_and_and(String string, String string2, String string3) {
    // Write code here that turns the phrase above into concrete actions
    throw new io.cucumber.java.PendingException();
}
@When("Enter password with {string} and {string} and {string}")
public void enter_password_with_and_and(String string, String string2, String string3) {
    // Write code here that turns the phrase above into concrete actions
    throw new io.cucumber.java.PendingException();
}
@When("click login with {string} and {string}")
public void click_login_with_and(String string, String string2) {
    // Write code here that turns the phrase above into concrete actions
    throw new io.cucumber.java.PendingException();
}
@When("Wait for logout link with {string} and {string}")
public void wait_for_logout_link_with_and(String string, String string2) {
    // Write code here that turns the phrase above into concrete actions
    throw new io.cucumber.java.PendingException();
}
@When("Verify page title with {string}")
public void verify_page_title_with(String string) {
    // Write code here that turns the phrase above into concrete actions
    throw new io.cucumber.java.PendingException();
}
@When("Wait for suppliiers link with {string} and {string}")
public void wait_for_suppliiers_link_with_and(String string, String string2) {
    // Write code here that turns the phrase above into concrete actions
    throw new io.cucumber.java.PendingException();
}
@When("Click Suppliers link with {string} and {string}")
public void click_suppliers_link_with_and(String string, String string2) {
    // Write code here that turns the phrase above into concrete actions
    throw new io.cucumber.java.PendingException();
}
@When("Wait for Add {double} Icon with {string} and {string}")
public void wait_for_add_icon_with_and(Double double1, String string, String string2) {
    // Write code here that turns the phrase above into concrete actions
    throw new io.cucumber.java.PendingException();
}
@When("Click Add {double} icon with {string} and {string}")
public void click_add_icon_with_and(Double double1, String string, String string2) {
    // Write code here that turns the phrase above into concrete actions
    throw new io.cucumber.java.PendingException();
}
@When("Wait for Supplier Number with {string} and {string}")
public void wait_for_supplier_number_with_and(String string, String string2) {
    // Write code here that turns the phrase above into concrete actions
    throw new io.cucumber.java.PendingException();
}
@When("Captrure Supplier number with {string} and {string}")
public void captrure_supplier_number_with_and(String string, String string2) {
    // Write code here that turns the phrase above into concrete actions
    throw new io.cucumber.java.PendingException();
}
@When("Enter in {string} with {string} and {string}")
public void enter_in_with_and(String string, String string2, String string3) {
    // Write code here that turns the phrase above into concrete actions
    throw new io.cucumber.java.PendingException();
}
@When("Click Add button with {string} and {string}")
public void click_add_button_with_and(String string, String string2) {
    // Write code here that turns the phrase above into concrete actions
    throw new io.cucumber.java.PendingException();
}
@When("Wait for confirm ok with {string} and {string}")
public void wait_for_confirm_ok_with_and(String string, String string2) {
    // Write code here that turns the phrase above into concrete actions
    throw new io.cucumber.java.PendingException();
}
@When("click confirm ok button with {string} and {string}")
public void click_confirm_ok_button_with_and(String string, String string2) {
    // Write code here that turns the phrase above into concrete actions
    throw new io.cucumber.java.PendingException();
}
@When("Wait for alert ok with {string} and {string}")
public void wait_for_alert_ok_with_and(String string, String string2) {
    // Write code here that turns the phrase above into concrete actions
    throw new io.cucumber.java.PendingException();
}
@When("ClickAlert ok with {string} and {string}")
public void click_alert_ok_with_and(String string, String string2) {
    // Write code here that turns the phrase above into concrete actions
    throw new io.cucumber.java.PendingException();
}
@Then("Verify supplier number")
public void verify_supplier_number() {
    // Write code here that turns the phrase above into concrete actions
    throw new io.cucumber.java.PendingException();
}
@When("Close app browser")
public void close_app_browser() {
    // Write code here that turns the phrase above into concrete actions
    throw new io.cucumber.java.PendingException();
}

at ✽.Launch Browser(file:///D:/Live_ProjectMrng1/ERP_Cucumber/FeatureFiles/ERP.feature:6)
]]>
    </error>
  </testcase> <!-- runScenario -->
  <testcase classname="testRunner.AppTest" name="runScenario" time="0.118">
    <error message="The step &#039;Launch Browser&#039; and 29 other step(s) are undefined.
You can implement these steps using the snippet(s) below:

@Given(&quot;Launch Browser&quot;)
public void launch_browser() {
    // Write code here that turns the phrase above into concrete actions
    throw new io.cucumber.java.PendingException();
}
@Given(&quot;launch url in a browser&quot;)
public void launch_url_in_a_browser() {
    // Write code here that turns the phrase above into concrete actions
    throw new io.cucumber.java.PendingException();
}
@When(&quot;Wait for username with {string} and {string}&quot;)
public void wait_for_username_with_and(String string, String string2) {
    // Write code here that turns the phrase above into concrete actions
    throw new io.cucumber.java.PendingException();
}
@When(&quot;Enter username with {string} and {string} and {string}&quot;)
public void enter_username_with_and_and(String string, String string2, String string3) {
    // Write code here that turns the phrase above into concrete actions
    throw new io.cucumber.java.PendingException();
}
@When(&quot;Enter password with {string} and {string} and {string}&quot;)
public void enter_password_with_and_and(String string, String string2, String string3) {
    // Write code here that turns the phrase above into concrete actions
    throw new io.cucumber.java.PendingException();
}
@When(&quot;click login with {string} and {string}&quot;)
public void click_login_with_and(String string, String string2) {
    // Write code here that turns the phrase above into concrete actions
    throw new io.cucumber.java.PendingException();
}
@When(&quot;Wait for logout link with {string} and {string}&quot;)
public void wait_for_logout_link_with_and(String string, String string2) {
    // Write code here that turns the phrase above into concrete actions
    throw new io.cucumber.java.PendingException();
}
@When(&quot;Verify page title with {string}&quot;)
public void verify_page_title_with(String string) {
    // Write code here that turns the phrase above into concrete actions
    throw new io.cucumber.java.PendingException();
}
@When(&quot;Wait for suppliiers link with {string} and {string}&quot;)
public void wait_for_suppliiers_link_with_and(String string, String string2) {
    // Write code here that turns the phrase above into concrete actions
    throw new io.cucumber.java.PendingException();
}
@When(&quot;Click Suppliers link with {string} and {string}&quot;)
public void click_suppliers_link_with_and(String string, String string2) {
    // Write code here that turns the phrase above into concrete actions
    throw new io.cucumber.java.PendingException();
}
@When(&quot;Wait for Add {double} Icon with {string} and {string}&quot;)
public void wait_for_add_icon_with_and(Double double1, String string, String string2) {
    // Write code here that turns the phrase above into concrete actions
    throw new io.cucumber.java.PendingException();
}
@When(&quot;Click Add {double} icon with {string} and {string}&quot;)
public void click_add_icon_with_and(Double double1, String string, String string2) {
    // Write code here that turns the phrase above into concrete actions
    throw new io.cucumber.java.PendingException();
}
@When(&quot;Wait for Supplier Number with {string} and {string}&quot;)
public void wait_for_supplier_number_with_and(String string, String string2) {
    // Write code here that turns the phrase above into concrete actions
    throw new io.cucumber.java.PendingException();
}
@When(&quot;Captrure Supplier number with {string} and {string}&quot;)
public void captrure_supplier_number_with_and(String string, String string2) {
    // Write code here that turns the phrase above into concrete actions
    throw new io.cucumber.java.PendingException();
}
@When(&quot;Enter in {string} with {string} and {string}&quot;)
public void enter_in_with_and(String string, String string2, String string3) {
    // Write code here that turns the phrase above into concrete actions
    throw new io.cucumber.java.PendingException();
}
@When(&quot;Click Add button with {string} and {string}&quot;)
public void click_add_button_with_and(String string, String string2) {
    // Write code here that turns the phrase above into concrete actions
    throw new io.cucumber.java.PendingException();
}
@When(&quot;Wait for confirm ok with {string} and {string}&quot;)
public void wait_for_confirm_ok_with_and(String string, String string2) {
    // Write code here that turns the phrase above into concrete actions
    throw new io.cucumber.java.PendingException();
}
@When(&quot;click confirm ok button with {string} and {string}&quot;)
public void click_confirm_ok_button_with_and(String string, String string2) {
    // Write code here that turns the phrase above into concrete actions
    throw new io.cucumber.java.PendingException();
}
@When(&quot;Wait for alert ok with {string} and {string}&quot;)
public void wait_for_alert_ok_with_and(String string, String string2) {
    // Write code here that turns the phrase above into concrete actions
    throw new io.cucumber.java.PendingException();
}
@When(&quot;ClickAlert ok with {string} and {string}&quot;)
public void click_alert_ok_with_and(String string, String string2) {
    // Write code here that turns the phrase above into concrete actions
    throw new io.cucumber.java.PendingException();
}
@Then(&quot;Verify supplier number&quot;)
public void verify_supplier_number() {
    // Write code here that turns the phrase above into concrete actions
    throw new io.cucumber.java.PendingException();
}
@When(&quot;Close app browser&quot;)
public void close_app_browser() {
    // Write code here that turns the phrase above into concrete actions
    throw new io.cucumber.java.PendingException();
}
" type="io.cucumber.testng.UndefinedStepException">
      <![CDATA[io.cucumber.testng.UndefinedStepException: The step 'Launch Browser' and 29 other step(s) are undefined.
You can implement these steps using the snippet(s) below:

@Given("Launch Browser")
public void launch_browser() {
    // Write code here that turns the phrase above into concrete actions
    throw new io.cucumber.java.PendingException();
}
@Given("launch url in a browser")
public void launch_url_in_a_browser() {
    // Write code here that turns the phrase above into concrete actions
    throw new io.cucumber.java.PendingException();
}
@When("Wait for username with {string} and {string}")
public void wait_for_username_with_and(String string, String string2) {
    // Write code here that turns the phrase above into concrete actions
    throw new io.cucumber.java.PendingException();
}
@When("Enter username with {string} and {string} and {string}")
public void enter_username_with_and_and(String string, String string2, String string3) {
    // Write code here that turns the phrase above into concrete actions
    throw new io.cucumber.java.PendingException();
}
@When("Enter password with {string} and {string} and {string}")
public void enter_password_with_and_and(String string, String string2, String string3) {
    // Write code here that turns the phrase above into concrete actions
    throw new io.cucumber.java.PendingException();
}
@When("click login with {string} and {string}")
public void click_login_with_and(String string, String string2) {
    // Write code here that turns the phrase above into concrete actions
    throw new io.cucumber.java.PendingException();
}
@When("Wait for logout link with {string} and {string}")
public void wait_for_logout_link_with_and(String string, String string2) {
    // Write code here that turns the phrase above into concrete actions
    throw new io.cucumber.java.PendingException();
}
@When("Verify page title with {string}")
public void verify_page_title_with(String string) {
    // Write code here that turns the phrase above into concrete actions
    throw new io.cucumber.java.PendingException();
}
@When("Wait for suppliiers link with {string} and {string}")
public void wait_for_suppliiers_link_with_and(String string, String string2) {
    // Write code here that turns the phrase above into concrete actions
    throw new io.cucumber.java.PendingException();
}
@When("Click Suppliers link with {string} and {string}")
public void click_suppliers_link_with_and(String string, String string2) {
    // Write code here that turns the phrase above into concrete actions
    throw new io.cucumber.java.PendingException();
}
@When("Wait for Add {double} Icon with {string} and {string}")
public void wait_for_add_icon_with_and(Double double1, String string, String string2) {
    // Write code here that turns the phrase above into concrete actions
    throw new io.cucumber.java.PendingException();
}
@When("Click Add {double} icon with {string} and {string}")
public void click_add_icon_with_and(Double double1, String string, String string2) {
    // Write code here that turns the phrase above into concrete actions
    throw new io.cucumber.java.PendingException();
}
@When("Wait for Supplier Number with {string} and {string}")
public void wait_for_supplier_number_with_and(String string, String string2) {
    // Write code here that turns the phrase above into concrete actions
    throw new io.cucumber.java.PendingException();
}
@When("Captrure Supplier number with {string} and {string}")
public void captrure_supplier_number_with_and(String string, String string2) {
    // Write code here that turns the phrase above into concrete actions
    throw new io.cucumber.java.PendingException();
}
@When("Enter in {string} with {string} and {string}")
public void enter_in_with_and(String string, String string2, String string3) {
    // Write code here that turns the phrase above into concrete actions
    throw new io.cucumber.java.PendingException();
}
@When("Click Add button with {string} and {string}")
public void click_add_button_with_and(String string, String string2) {
    // Write code here that turns the phrase above into concrete actions
    throw new io.cucumber.java.PendingException();
}
@When("Wait for confirm ok with {string} and {string}")
public void wait_for_confirm_ok_with_and(String string, String string2) {
    // Write code here that turns the phrase above into concrete actions
    throw new io.cucumber.java.PendingException();
}
@When("click confirm ok button with {string} and {string}")
public void click_confirm_ok_button_with_and(String string, String string2) {
    // Write code here that turns the phrase above into concrete actions
    throw new io.cucumber.java.PendingException();
}
@When("Wait for alert ok with {string} and {string}")
public void wait_for_alert_ok_with_and(String string, String string2) {
    // Write code here that turns the phrase above into concrete actions
    throw new io.cucumber.java.PendingException();
}
@When("ClickAlert ok with {string} and {string}")
public void click_alert_ok_with_and(String string, String string2) {
    // Write code here that turns the phrase above into concrete actions
    throw new io.cucumber.java.PendingException();
}
@Then("Verify supplier number")
public void verify_supplier_number() {
    // Write code here that turns the phrase above into concrete actions
    throw new io.cucumber.java.PendingException();
}
@When("Close app browser")
public void close_app_browser() {
    // Write code here that turns the phrase above into concrete actions
    throw new io.cucumber.java.PendingException();
}

at ✽.Launch Browser(file:///D:/Live_ProjectMrng1/ERP_Cucumber/FeatureFiles/ERP.feature:6)
]]>
    </error>
  </testcase> <!-- runScenario -->
  <testcase classname="testRunner.AppTest" name="runScenario" time="0.030">
    <error message="The step &#039;Launch Browser&#039; and 29 other step(s) are undefined.
You can implement these steps using the snippet(s) below:

@Given(&quot;Launch Browser&quot;)
public void launch_browser() {
    // Write code here that turns the phrase above into concrete actions
    throw new io.cucumber.java.PendingException();
}
@Given(&quot;launch url in a browser&quot;)
public void launch_url_in_a_browser() {
    // Write code here that turns the phrase above into concrete actions
    throw new io.cucumber.java.PendingException();
}
@When(&quot;Wait for username with {string} and {string}&quot;)
public void wait_for_username_with_and(String string, String string2) {
    // Write code here that turns the phrase above into concrete actions
    throw new io.cucumber.java.PendingException();
}
@When(&quot;Enter username with {string} and {string} and {string}&quot;)
public void enter_username_with_and_and(String string, String string2, String string3) {
    // Write code here that turns the phrase above into concrete actions
    throw new io.cucumber.java.PendingException();
}
@When(&quot;Enter password with {string} and {string} and {string}&quot;)
public void enter_password_with_and_and(String string, String string2, String string3) {
    // Write code here that turns the phrase above into concrete actions
    throw new io.cucumber.java.PendingException();
}
@When(&quot;click login with {string} and {string}&quot;)
public void click_login_with_and(String string, String string2) {
    // Write code here that turns the phrase above into concrete actions
    throw new io.cucumber.java.PendingException();
}
@When(&quot;Wait for logout link with {string} and {string}&quot;)
public void wait_for_logout_link_with_and(String string, String string2) {
    // Write code here that turns the phrase above into concrete actions
    throw new io.cucumber.java.PendingException();
}
@When(&quot;Verify page title with {string}&quot;)
public void verify_page_title_with(String string) {
    // Write code here that turns the phrase above into concrete actions
    throw new io.cucumber.java.PendingException();
}
@When(&quot;Wait for suppliiers link with {string} and {string}&quot;)
public void wait_for_suppliiers_link_with_and(String string, String string2) {
    // Write code here that turns the phrase above into concrete actions
    throw new io.cucumber.java.PendingException();
}
@When(&quot;Click Suppliers link with {string} and {string}&quot;)
public void click_suppliers_link_with_and(String string, String string2) {
    // Write code here that turns the phrase above into concrete actions
    throw new io.cucumber.java.PendingException();
}
@When(&quot;Wait for Add {double} Icon with {string} and {string}&quot;)
public void wait_for_add_icon_with_and(Double double1, String string, String string2) {
    // Write code here that turns the phrase above into concrete actions
    throw new io.cucumber.java.PendingException();
}
@When(&quot;Click Add {double} icon with {string} and {string}&quot;)
public void click_add_icon_with_and(Double double1, String string, String string2) {
    // Write code here that turns the phrase above into concrete actions
    throw new io.cucumber.java.PendingException();
}
@When(&quot;Wait for Supplier Number with {string} and {string}&quot;)
public void wait_for_supplier_number_with_and(String string, String string2) {
    // Write code here that turns the phrase above into concrete actions
    throw new io.cucumber.java.PendingException();
}
@When(&quot;Captrure Supplier number with {string} and {string}&quot;)
public void captrure_supplier_number_with_and(String string, String string2) {
    // Write code here that turns the phrase above into concrete actions
    throw new io.cucumber.java.PendingException();
}
@When(&quot;Enter in {string} with {string} and {string}&quot;)
public void enter_in_with_and(String string, String string2, String string3) {
    // Write code here that turns the phrase above into concrete actions
    throw new io.cucumber.java.PendingException();
}
@When(&quot;Click Add button with {string} and {string}&quot;)
public void click_add_button_with_and(String string, String string2) {
    // Write code here that turns the phrase above into concrete actions
    throw new io.cucumber.java.PendingException();
}
@When(&quot;Wait for confirm ok with {string} and {string}&quot;)
public void wait_for_confirm_ok_with_and(String string, String string2) {
    // Write code here that turns the phrase above into concrete actions
    throw new io.cucumber.java.PendingException();
}
@When(&quot;click confirm ok button with {string} and {string}&quot;)
public void click_confirm_ok_button_with_and(String string, String string2) {
    // Write code here that turns the phrase above into concrete actions
    throw new io.cucumber.java.PendingException();
}
@When(&quot;Wait for alert ok with {string} and {string}&quot;)
public void wait_for_alert_ok_with_and(String string, String string2) {
    // Write code here that turns the phrase above into concrete actions
    throw new io.cucumber.java.PendingException();
}
@When(&quot;ClickAlert ok with {string} and {string}&quot;)
public void click_alert_ok_with_and(String string, String string2) {
    // Write code here that turns the phrase above into concrete actions
    throw new io.cucumber.java.PendingException();
}
@Then(&quot;Verify supplier number&quot;)
public void verify_supplier_number() {
    // Write code here that turns the phrase above into concrete actions
    throw new io.cucumber.java.PendingException();
}
@When(&quot;Close app browser&quot;)
public void close_app_browser() {
    // Write code here that turns the phrase above into concrete actions
    throw new io.cucumber.java.PendingException();
}
" type="io.cucumber.testng.UndefinedStepException">
      <![CDATA[io.cucumber.testng.UndefinedStepException: The step 'Launch Browser' and 29 other step(s) are undefined.
You can implement these steps using the snippet(s) below:

@Given("Launch Browser")
public void launch_browser() {
    // Write code here that turns the phrase above into concrete actions
    throw new io.cucumber.java.PendingException();
}
@Given("launch url in a browser")
public void launch_url_in_a_browser() {
    // Write code here that turns the phrase above into concrete actions
    throw new io.cucumber.java.PendingException();
}
@When("Wait for username with {string} and {string}")
public void wait_for_username_with_and(String string, String string2) {
    // Write code here that turns the phrase above into concrete actions
    throw new io.cucumber.java.PendingException();
}
@When("Enter username with {string} and {string} and {string}")
public void enter_username_with_and_and(String string, String string2, String string3) {
    // Write code here that turns the phrase above into concrete actions
    throw new io.cucumber.java.PendingException();
}
@When("Enter password with {string} and {string} and {string}")
public void enter_password_with_and_and(String string, String string2, String string3) {
    // Write code here that turns the phrase above into concrete actions
    throw new io.cucumber.java.PendingException();
}
@When("click login with {string} and {string}")
public void click_login_with_and(String string, String string2) {
    // Write code here that turns the phrase above into concrete actions
    throw new io.cucumber.java.PendingException();
}
@When("Wait for logout link with {string} and {string}")
public void wait_for_logout_link_with_and(String string, String string2) {
    // Write code here that turns the phrase above into concrete actions
    throw new io.cucumber.java.PendingException();
}
@When("Verify page title with {string}")
public void verify_page_title_with(String string) {
    // Write code here that turns the phrase above into concrete actions
    throw new io.cucumber.java.PendingException();
}
@When("Wait for suppliiers link with {string} and {string}")
public void wait_for_suppliiers_link_with_and(String string, String string2) {
    // Write code here that turns the phrase above into concrete actions
    throw new io.cucumber.java.PendingException();
}
@When("Click Suppliers link with {string} and {string}")
public void click_suppliers_link_with_and(String string, String string2) {
    // Write code here that turns the phrase above into concrete actions
    throw new io.cucumber.java.PendingException();
}
@When("Wait for Add {double} Icon with {string} and {string}")
public void wait_for_add_icon_with_and(Double double1, String string, String string2) {
    // Write code here that turns the phrase above into concrete actions
    throw new io.cucumber.java.PendingException();
}
@When("Click Add {double} icon with {string} and {string}")
public void click_add_icon_with_and(Double double1, String string, String string2) {
    // Write code here that turns the phrase above into concrete actions
    throw new io.cucumber.java.PendingException();
}
@When("Wait for Supplier Number with {string} and {string}")
public void wait_for_supplier_number_with_and(String string, String string2) {
    // Write code here that turns the phrase above into concrete actions
    throw new io.cucumber.java.PendingException();
}
@When("Captrure Supplier number with {string} and {string}")
public void captrure_supplier_number_with_and(String string, String string2) {
    // Write code here that turns the phrase above into concrete actions
    throw new io.cucumber.java.PendingException();
}
@When("Enter in {string} with {string} and {string}")
public void enter_in_with_and(String string, String string2, String string3) {
    // Write code here that turns the phrase above into concrete actions
    throw new io.cucumber.java.PendingException();
}
@When("Click Add button with {string} and {string}")
public void click_add_button_with_and(String string, String string2) {
    // Write code here that turns the phrase above into concrete actions
    throw new io.cucumber.java.PendingException();
}
@When("Wait for confirm ok with {string} and {string}")
public void wait_for_confirm_ok_with_and(String string, String string2) {
    // Write code here that turns the phrase above into concrete actions
    throw new io.cucumber.java.PendingException();
}
@When("click confirm ok button with {string} and {string}")
public void click_confirm_ok_button_with_and(String string, String string2) {
    // Write code here that turns the phrase above into concrete actions
    throw new io.cucumber.java.PendingException();
}
@When("Wait for alert ok with {string} and {string}")
public void wait_for_alert_ok_with_and(String string, String string2) {
    // Write code here that turns the phrase above into concrete actions
    throw new io.cucumber.java.PendingException();
}
@When("ClickAlert ok with {string} and {string}")
public void click_alert_ok_with_and(String string, String string2) {
    // Write code here that turns the phrase above into concrete actions
    throw new io.cucumber.java.PendingException();
}
@Then("Verify supplier number")
public void verify_supplier_number() {
    // Write code here that turns the phrase above into concrete actions
    throw new io.cucumber.java.PendingException();
}
@When("Close app browser")
public void close_app_browser() {
    // Write code here that turns the phrase above into concrete actions
    throw new io.cucumber.java.PendingException();
}

at ✽.Launch Browser(file:///D:/Live_ProjectMrng1/ERP_Cucumber/FeatureFiles/ERP.feature:6)
]]>
    </error>
  </testcase> <!-- runScenario -->
  <testcase classname="testRunner.AppTest" name="runScenario" time="0.020">
    <error message="The step &#039;Launch Browser&#039; and 29 other step(s) are undefined.
You can implement these steps using the snippet(s) below:

@Given(&quot;Launch Browser&quot;)
public void launch_browser() {
    // Write code here that turns the phrase above into concrete actions
    throw new io.cucumber.java.PendingException();
}
@Given(&quot;launch url in a browser&quot;)
public void launch_url_in_a_browser() {
    // Write code here that turns the phrase above into concrete actions
    throw new io.cucumber.java.PendingException();
}
@When(&quot;Wait for username with {string} and {string}&quot;)
public void wait_for_username_with_and(String string, String string2) {
    // Write code here that turns the phrase above into concrete actions
    throw new io.cucumber.java.PendingException();
}
@When(&quot;Enter username with {string} and {string} and {string}&quot;)
public void enter_username_with_and_and(String string, String string2, String string3) {
    // Write code here that turns the phrase above into concrete actions
    throw new io.cucumber.java.PendingException();
}
@When(&quot;Enter password with {string} and {string} and {string}&quot;)
public void enter_password_with_and_and(String string, String string2, String string3) {
    // Write code here that turns the phrase above into concrete actions
    throw new io.cucumber.java.PendingException();
}
@When(&quot;click login with {string} and {string}&quot;)
public void click_login_with_and(String string, String string2) {
    // Write code here that turns the phrase above into concrete actions
    throw new io.cucumber.java.PendingException();
}
@When(&quot;Wait for logout link with {string} and {string}&quot;)
public void wait_for_logout_link_with_and(String string, String string2) {
    // Write code here that turns the phrase above into concrete actions
    throw new io.cucumber.java.PendingException();
}
@When(&quot;Verify page title with {string}&quot;)
public void verify_page_title_with(String string) {
    // Write code here that turns the phrase above into concrete actions
    throw new io.cucumber.java.PendingException();
}
@When(&quot;Wait for suppliiers link with {string} and {string}&quot;)
public void wait_for_suppliiers_link_with_and(String string, String string2) {
    // Write code here that turns the phrase above into concrete actions
    throw new io.cucumber.java.PendingException();
}
@When(&quot;Click Suppliers link with {string} and {string}&quot;)
public void click_suppliers_link_with_and(String string, String string2) {
    // Write code here that turns the phrase above into concrete actions
    throw new io.cucumber.java.PendingException();
}
@When(&quot;Wait for Add {double} Icon with {string} and {string}&quot;)
public void wait_for_add_icon_with_and(Double double1, String string, String string2) {
    // Write code here that turns the phrase above into concrete actions
    throw new io.cucumber.java.PendingException();
}
@When(&quot;Click Add {double} icon with {string} and {string}&quot;)
public void click_add_icon_with_and(Double double1, String string, String string2) {
    // Write code here that turns the phrase above into concrete actions
    throw new io.cucumber.java.PendingException();
}
@When(&quot;Wait for Supplier Number with {string} and {string}&quot;)
public void wait_for_supplier_number_with_and(String string, String string2) {
    // Write code here that turns the phrase above into concrete actions
    throw new io.cucumber.java.PendingException();
}
@When(&quot;Captrure Supplier number with {string} and {string}&quot;)
public void captrure_supplier_number_with_and(String string, String string2) {
    // Write code here that turns the phrase above into concrete actions
    throw new io.cucumber.java.PendingException();
}
@When(&quot;Enter in {string} with {string} and {string}&quot;)
public void enter_in_with_and(String string, String string2, String string3) {
    // Write code here that turns the phrase above into concrete actions
    throw new io.cucumber.java.PendingException();
}
@When(&quot;Click Add button with {string} and {string}&quot;)
public void click_add_button_with_and(String string, String string2) {
    // Write code here that turns the phrase above into concrete actions
    throw new io.cucumber.java.PendingException();
}
@When(&quot;Wait for confirm ok with {string} and {string}&quot;)
public void wait_for_confirm_ok_with_and(String string, String string2) {
    // Write code here that turns the phrase above into concrete actions
    throw new io.cucumber.java.PendingException();
}
@When(&quot;click confirm ok button with {string} and {string}&quot;)
public void click_confirm_ok_button_with_and(String string, String string2) {
    // Write code here that turns the phrase above into concrete actions
    throw new io.cucumber.java.PendingException();
}
@When(&quot;Wait for alert ok with {string} and {string}&quot;)
public void wait_for_alert_ok_with_and(String string, String string2) {
    // Write code here that turns the phrase above into concrete actions
    throw new io.cucumber.java.PendingException();
}
@When(&quot;ClickAlert ok with {string} and {string}&quot;)
public void click_alert_ok_with_and(String string, String string2) {
    // Write code here that turns the phrase above into concrete actions
    throw new io.cucumber.java.PendingException();
}
@Then(&quot;Verify supplier number&quot;)
public void verify_supplier_number() {
    // Write code here that turns the phrase above into concrete actions
    throw new io.cucumber.java.PendingException();
}
@When(&quot;Close app browser&quot;)
public void close_app_browser() {
    // Write code here that turns the phrase above into concrete actions
    throw new io.cucumber.java.PendingException();
}
" type="io.cucumber.testng.UndefinedStepException">
      <![CDATA[io.cucumber.testng.UndefinedStepException: The step 'Launch Browser' and 29 other step(s) are undefined.
You can implement these steps using the snippet(s) below:

@Given("Launch Browser")
public void launch_browser() {
    // Write code here that turns the phrase above into concrete actions
    throw new io.cucumber.java.PendingException();
}
@Given("launch url in a browser")
public void launch_url_in_a_browser() {
    // Write code here that turns the phrase above into concrete actions
    throw new io.cucumber.java.PendingException();
}
@When("Wait for username with {string} and {string}")
public void wait_for_username_with_and(String string, String string2) {
    // Write code here that turns the phrase above into concrete actions
    throw new io.cucumber.java.PendingException();
}
@When("Enter username with {string} and {string} and {string}")
public void enter_username_with_and_and(String string, String string2, String string3) {
    // Write code here that turns the phrase above into concrete actions
    throw new io.cucumber.java.PendingException();
}
@When("Enter password with {string} and {string} and {string}")
public void enter_password_with_and_and(String string, String string2, String string3) {
    // Write code here that turns the phrase above into concrete actions
    throw new io.cucumber.java.PendingException();
}
@When("click login with {string} and {string}")
public void click_login_with_and(String string, String string2) {
    // Write code here that turns the phrase above into concrete actions
    throw new io.cucumber.java.PendingException();
}
@When("Wait for logout link with {string} and {string}")
public void wait_for_logout_link_with_and(String string, String string2) {
    // Write code here that turns the phrase above into concrete actions
    throw new io.cucumber.java.PendingException();
}
@When("Verify page title with {string}")
public void verify_page_title_with(String string) {
    // Write code here that turns the phrase above into concrete actions
    throw new io.cucumber.java.PendingException();
}
@When("Wait for suppliiers link with {string} and {string}")
public void wait_for_suppliiers_link_with_and(String string, String string2) {
    // Write code here that turns the phrase above into concrete actions
    throw new io.cucumber.java.PendingException();
}
@When("Click Suppliers link with {string} and {string}")
public void click_suppliers_link_with_and(String string, String string2) {
    // Write code here that turns the phrase above into concrete actions
    throw new io.cucumber.java.PendingException();
}
@When("Wait for Add {double} Icon with {string} and {string}")
public void wait_for_add_icon_with_and(Double double1, String string, String string2) {
    // Write code here that turns the phrase above into concrete actions
    throw new io.cucumber.java.PendingException();
}
@When("Click Add {double} icon with {string} and {string}")
public void click_add_icon_with_and(Double double1, String string, String string2) {
    // Write code here that turns the phrase above into concrete actions
    throw new io.cucumber.java.PendingException();
}
@When("Wait for Supplier Number with {string} and {string}")
public void wait_for_supplier_number_with_and(String string, String string2) {
    // Write code here that turns the phrase above into concrete actions
    throw new io.cucumber.java.PendingException();
}
@When("Captrure Supplier number with {string} and {string}")
public void captrure_supplier_number_with_and(String string, String string2) {
    // Write code here that turns the phrase above into concrete actions
    throw new io.cucumber.java.PendingException();
}
@When("Enter in {string} with {string} and {string}")
public void enter_in_with_and(String string, String string2, String string3) {
    // Write code here that turns the phrase above into concrete actions
    throw new io.cucumber.java.PendingException();
}
@When("Click Add button with {string} and {string}")
public void click_add_button_with_and(String string, String string2) {
    // Write code here that turns the phrase above into concrete actions
    throw new io.cucumber.java.PendingException();
}
@When("Wait for confirm ok with {string} and {string}")
public void wait_for_confirm_ok_with_and(String string, String string2) {
    // Write code here that turns the phrase above into concrete actions
    throw new io.cucumber.java.PendingException();
}
@When("click confirm ok button with {string} and {string}")
public void click_confirm_ok_button_with_and(String string, String string2) {
    // Write code here that turns the phrase above into concrete actions
    throw new io.cucumber.java.PendingException();
}
@When("Wait for alert ok with {string} and {string}")
public void wait_for_alert_ok_with_and(String string, String string2) {
    // Write code here that turns the phrase above into concrete actions
    throw new io.cucumber.java.PendingException();
}
@When("ClickAlert ok with {string} and {string}")
public void click_alert_ok_with_and(String string, String string2) {
    // Write code here that turns the phrase above into concrete actions
    throw new io.cucumber.java.PendingException();
}
@Then("Verify supplier number")
public void verify_supplier_number() {
    // Write code here that turns the phrase above into concrete actions
    throw new io.cucumber.java.PendingException();
}
@When("Close app browser")
public void close_app_browser() {
    // Write code here that turns the phrase above into concrete actions
    throw new io.cucumber.java.PendingException();
}

at ✽.Launch Browser(file:///D:/Live_ProjectMrng1/ERP_Cucumber/FeatureFiles/ERP.feature:6)
]]>
    </error>
  </testcase> <!-- runScenario -->
</testsuite> <!-- testRunner.AppTest -->
